GET /api/auth/verify 200 19.897 ms
GET /api/auth/verify 304 7.115 ms
GET /api/events/public 304 147.363 ms
GET /api/events/public 304 125.587 ms
GET /api/products/getProducts 200 440.194 ms
GET /api/products/getProducts 304 333.480 ms
GET /api/auth/verify 304 0.472 ms
GET /api/auth/verify 304 1.057 ms
GET /api/events/public 304 90.924 ms
GET /api/events/public 304 95.105 ms
GET /api/products/getProducts 304 345.798 ms
GET /api/products/getProducts 304 263.638 ms
GET /api/auth/verify 304 0.260 ms
GET /api/auth/verify 304 0.225 ms
GET /api/events/public 304 106.114 ms
GET /api/events/public 304 99.373 ms
GET /api/products/getProducts 304 445.870 ms
GET /api/products/getProducts 304 300.930 ms
GET /api/auth/verify 304 0.431 ms
GET /api/auth/verify 304 0.335 ms
GET /api/events/public 304 101.724 ms
GET /api/events/public 304 113.160 ms
GET /api/products/getProducts 304 400.581 ms
GET /api/products/getProducts 304 270.449 ms
OPTIONS /api/auth/signin 204 0.994 ms
POST /api/auth/signin 200 594.607 ms
GET /api/public/690a65657304539294f42bad 200 153.156 ms
GET /api/events/public 304 100.266 ms
GET /api/events/public 304 151.885 ms
GET /api/products/getProducts 304 398.767 ms
GET /api/products/getProducts 304 302.308 ms
GET /api/auth/verify 200 348.560 ms
GET /api/auth/verify 304 137.969 ms
GET /api/public/690a65657304539294f42bad 304 77.485 ms
GET /api/products/getUserOrders 304 579.084 ms
GET /api/products/getUserOrders 304 199.967 ms
GET /api/events/public 304 96.981 ms
GET /api/events/public 304 113.471 ms
GET /api/products/getProducts 304 369.669 ms
GET /api/products/getProducts 304 302.842 ms
GET /api/auth/verify 304 303.769 ms
GET /api/auth/verify 304 134.279 ms
GET /api/public/690a65657304539294f42bad 304 80.187 ms
GET /api/tickets/my-tickets 404 46.590 ms
GET /api/tickets/my-tickets 404 55.915 ms
GET /api/auth/verify 304 312.853 ms
GET /api/auth/verify 304 101.867 ms
GET /api/public/690a65657304539294f42bad 304 87.112 ms
GET /api/products/getUserOrders 304 241.520 ms
GET /api/products/getUserOrders 304 211.004 ms
GET /api/events/public 304 120.436 ms
GET /api/events/public 304 126.763 ms
GET /api/products/getProducts 304 426.579 ms
GET /api/products/getProducts 304 318.004 ms
GET /api/auth/verify 304 313.538 ms
GET /api/auth/verify 304 81.539 ms
GET /api/products/getProducts 304 423.603 ms
GET /api/public/690a65657304539294f42bad 304 79.693 ms
GET /api/products/getProducts 304 277.737 ms
GET /api/events/public 304 108.179 ms
GET /api/events/public 304 102.177 ms
GET /api/events/public 304 103.265 ms
GET /api/events/public 304 101.660 ms
GET /api/products/getProducts 304 392.977 ms
GET /api/products/getProducts 304 304.490 ms
GET /api/products/getProducts - - ms
GET /api/events/public - - ms
GET /api/events/public 200 102.935 ms
GET /api/events/public 304 99.739 ms
GET /api/auth/verify 200 302.927 ms
GET /api/auth/verify 304 73.898 ms
GET /api/products/getProducts 200 408.851 ms
GET /api/public/690a65657304539294f42bad 304 77.877 ms
GET /api/products/getProducts 304 317.296 ms
GET /api/auth/verify - - ms
GET /api/events/public - - ms
GET /api/products/getProducts - - ms
GET /api/events/public 200 94.646 ms
GET /api/events/public 304 96.767 ms
GET /api/auth/verify 200 316.049 ms
GET /api/products/getProducts 200 370.672 ms
GET /api/auth/verify 304 79.751 ms
GET /api/public/690a65657304539294f42bad 304 82.592 ms
GET /api/products/getProducts 304 272.839 ms
GET /api/events/public 304 109.017 ms
GET /api/events/public 304 102.629 ms
GET /api/auth/verify 304 298.630 ms
GET /api/auth/verify 304 95.339 ms
GET /api/products/getProducts 304 451.061 ms
GET /api/public/690a65657304539294f42bad 304 78.096 ms
GET /api/products/getProducts 304 306.807 ms
GET /api/auth/verify 200 2.327 ms
GET /api/auth/verify 304 0.597 ms
GET /api/events/public 200 144.640 ms
GET /api/events/public 304 115.620 ms
GET /api/products/getProducts 304 487.559 ms
GET /api/products/getProducts 304 325.777 ms
GET /api/auth/verify 304 0.942 ms
GET /api/auth/verify 304 1.333 ms
GET /api/events/public 304 151.835 ms
GET /api/events/public 304 125.115 ms
GET /api/products/getProducts 304 498.993 ms
GET /api/products/getProducts 304 369.178 ms
GET /api/auth/verify 304 3.806 ms
GET /api/auth/verify 304 1.085 ms
GET /api/events/public 304 166.346 ms
GET /api/events/public 304 132.335 ms
GET /api/products/getProducts 304 486.248 ms
GET /api/products/getProducts 304 370.137 ms
GET /api/auth/verify 304 0.543 ms
GET /api/auth/verify 304 1.107 ms
GET /api/events/public 304 121.218 ms
GET /api/events/public 304 130.997 ms
GET /api/products/getProducts 304 470.877 ms
GET /api/products/getProducts 304 358.422 ms
