GET /api/events/public 304 63.929 ms
GET /api/events/public 304 60.325 ms
OPTIONS /api/auth/signin 204 1.563 ms
POST /api/auth/signin 200 755.768 ms
GET /api/public/690a65657304539294f42bad 200 177.622 ms
GET /api/events/public 304 57.529 ms
GET /api/events/public 304 63.184 ms
GET /api/products/getProducts 304 302.588 ms
GET /api/products/getProducts 304 222.798 ms
GET /api/events/public 304 65.630 ms
GET /api/events/public 304 68.049 ms
GET /api/products/getProducts 304 279.697 ms
GET /api/products/getProducts 304 230.892 ms
GET /api/products/getProduct/6985cdd603da38761d7ecf2e 200 113.822 ms
GET /api/products/getProduct/6985cdd603da38761d7ecf2e 304 110.809 ms
GET /api/auth/verify 200 341.443 ms
GET /api/auth/verify 304 250.676 ms
GET /api/public/690a65657304539294f42bad 304 223.008 ms
GET /api/products/getProduct/6985cdd603da38761d7ecf2e 304 106.100 ms
GET /api/products/getProduct/6985cdd603da38761d7ecf2e 304 101.820 ms
GET /api/auth/verify 304 333.554 ms
GET /api/auth/verify 304 198.572 ms
GET /api/public/690a65657304539294f42bad 304 292.195 ms
GET /api/auth/verify 304 316.248 ms
GET /api/auth/verify 304 219.092 ms
GET /api/public/690a65657304539294f42bad 304 199.546 ms
GET /api/products/getUserOrders 200 460.005 ms
GET /api/products/getUserOrders 304 156.539 ms
GET /api/auth/verify 304 266.752 ms
GET /api/auth/verify 304 129.391 ms
GET /api/public/690a65657304539294f42bad 304 97.463 ms
GET /api/tickets/my-tickets 404 38.902 ms
GET /api/tickets/my-tickets 404 33.642 ms
GET /api/auth/verify 304 262.131 ms
GET /api/auth/verify 304 107.221 ms
GET /api/public/690a65657304539294f42bad 304 99.462 ms
GET /api/products/getUserOrders 304 166.393 ms
GET /api/products/getUserOrders 304 133.766 ms
GET /api/auth/verify 304 223.489 ms
GET /api/auth/verify 304 114.679 ms
GET /api/public/690a65657304539294f42bad 304 89.849 ms
GET /api/auth/verify 304 234.064 ms
GET /api/auth/verify 304 93.889 ms
GET /api/public/690a65657304539294f42bad 304 103.200 ms
GET /api/products/getUserOrders 304 172.322 ms
GET /api/products/getUserOrders 304 129.036 ms
GET /api/auth/verify 304 236.661 ms
GET /api/auth/verify 304 110.886 ms
GET /api/public/690a65657304539294f42bad 304 97.804 ms
GET /api/tickets/my-tickets 404 163.859 ms
GET /api/tickets/my-tickets 404 110.678 ms
GET /api/auth/verify 304 254.568 ms
GET /api/auth/verify 304 113.367 ms
GET /api/public/690a65657304539294f42bad 304 102.800 ms
GET /api/products/getUserOrders 304 169.657 ms
GET /api/products/getUserOrders 304 129.735 ms
GET /api/auth/verify 304 240.094 ms
GET /api/auth/verify 304 101.077 ms
GET /api/public/690a65657304539294f42bad 304 106.317 ms
GET /api/tickets/my-tickets 404 28.981 ms
GET /api/tickets/my-tickets 404 30.112 ms
GET /api/auth/verify 304 195.889 ms
GET /api/auth/verify 304 142.170 ms
GET /api/public/690a65657304539294f42bad 304 147.447 ms
GET /api/products/getUserOrders 304 169.847 ms
GET /api/products/getUserOrders 304 128.886 ms
GET /api/events/public 304 62.218 ms
GET /api/events/public 304 59.800 ms
GET /api/products/getProducts 304 283.168 ms
GET /api/products/getProducts 304 227.201 ms
