[2026-02-13 06:37:39] ERROR: Cast to ObjectId failed for value "top-vendors" (type string) at path "_id" for model "Vendor" 
Stack: CastError: Cast to ObjectId failed for value "top-vendors" (type string) at path "_id" for model "Vendor"
    at SchemaObjectId.cast (D:\FDFED\REACT_end\Happytails-react\backend\node_modules\mongoose\lib\schema\objectId.js:251:11)
    at SchemaType.applySetters (D:\FDFED\REACT_end\Happytails-react\backend\node_modules\mongoose\lib\schemaType.js:1255:12)
    at SchemaType.castForQuery (D:\FDFED\REACT_end\Happytails-react\backend\node_modules\mongoose\lib\schemaType.js:1673:17)
    at cast (D:\FDFED\REACT_end\Happytails-react\backend\node_modules\mongoose\lib\cast.js:390:32)
    at Query.cast (D:\FDFED\REACT_end\Happytails-react\backend\node_modules\mongoose\lib\query.js:5055:12)
    at Query._castConditions (D:\FDFED\REACT_end\Happytails-react\backend\node_modules\mongoose\lib\query.js:2351:10)
    at model.Query._findOne (D:\FDFED\REACT_end\Happytails-react\backend\node_modules\mongoose\lib\query.js:2674:8)
    at model.Query.exec (D:\FDFED\REACT_end\Happytails-react\backend\node_modules\mongoose\lib\query.js:4604:80)
    at process.processTicksAndRejections (node:internal/process/task_queues:105:5)
    at async getVendor (file:///D:/FDFED/REACT_end/Happytails-react/backend/src/controller/adminController.js:1230:24)
-----------------------------------
[2026-02-13 06:38:12] ERROR: Cast to ObjectId failed for value "top-vendors" (type string) at path "_id" for model "Vendor" 
Stack: CastError: Cast to ObjectId failed for value "top-vendors" (type string) at path "_id" for model "Vendor"
    at SchemaObjectId.cast (D:\FDFED\REACT_end\Happytails-react\backend\node_modules\mongoose\lib\schema\objectId.js:251:11)
    at SchemaType.applySetters (D:\FDFED\REACT_end\Happytails-react\backend\node_modules\mongoose\lib\schemaType.js:1255:12)
    at SchemaType.castForQuery (D:\FDFED\REACT_end\Happytails-react\backend\node_modules\mongoose\lib\schemaType.js:1673:17)
    at cast (D:\FDFED\REACT_end\Happytails-react\backend\node_modules\mongoose\lib\cast.js:390:32)
    at Query.cast (D:\FDFED\REACT_end\Happytails-react\backend\node_modules\mongoose\lib\query.js:5055:12)
    at Query._castConditions (D:\FDFED\REACT_end\Happytails-react\backend\node_modules\mongoose\lib\query.js:2351:10)
    at model.Query._findOne (D:\FDFED\REACT_end\Happytails-react\backend\node_modules\mongoose\lib\query.js:2674:8)
    at model.Query.exec (D:\FDFED\REACT_end\Happytails-react\backend\node_modules\mongoose\lib\query.js:4604:80)
    at process.processTicksAndRejections (node:internal/process/task_queues:105:5)
    at async getVendor (file:///D:/FDFED/REACT_end/Happytails-react/backend/src/controller/adminController.js:1230:24)
-----------------------------------
[2026-02-13 06:38:12] ERROR: Cast to ObjectId failed for value "top-vendors" (type string) at path "_id" for model "Vendor" 
Stack: CastError: Cast to ObjectId failed for value "top-vendors" (type string) at path "_id" for model "Vendor"
    at SchemaObjectId.cast (D:\FDFED\REACT_end\Happytails-react\backend\node_modules\mongoose\lib\schema\objectId.js:251:11)
    at SchemaType.applySetters (D:\FDFED\REACT_end\Happytails-react\backend\node_modules\mongoose\lib\schemaType.js:1255:12)
    at SchemaType.castForQuery (D:\FDFED\REACT_end\Happytails-react\backend\node_modules\mongoose\lib\schemaType.js:1673:17)
    at cast (D:\FDFED\REACT_end\Happytails-react\backend\node_modules\mongoose\lib\cast.js:390:32)
    at Query.cast (D:\FDFED\REACT_end\Happytails-react\backend\node_modules\mongoose\lib\query.js:5055:12)
    at Query._castConditions (D:\FDFED\REACT_end\Happytails-react\backend\node_modules\mongoose\lib\query.js:2351:10)
    at model.Query._findOne (D:\FDFED\REACT_end\Happytails-react\backend\node_modules\mongoose\lib\query.js:2674:8)
    at model.Query.exec (D:\FDFED\REACT_end\Happytails-react\backend\node_modules\mongoose\lib\query.js:4604:80)
    at process.processTicksAndRejections (node:internal/process/task_queues:105:5)
    at async getVendor (file:///D:/FDFED/REACT_end/Happytails-react/backend/src/controller/adminController.js:1230:24)
-----------------------------------
[2026-02-13 06:38:17] ERROR: Cast to ObjectId failed for value "top-vendors" (type string) at path "_id" for model "Vendor" 
Stack: CastError: Cast to ObjectId failed for value "top-vendors" (type string) at path "_id" for model "Vendor"
    at SchemaObjectId.cast (D:\FDFED\REACT_end\Happytails-react\backend\node_modules\mongoose\lib\schema\objectId.js:251:11)
    at SchemaType.applySetters (D:\FDFED\REACT_end\Happytails-react\backend\node_modules\mongoose\lib\schemaType.js:1255:12)
    at SchemaType.castForQuery (D:\FDFED\REACT_end\Happytails-react\backend\node_modules\mongoose\lib\schemaType.js:1673:17)
    at cast (D:\FDFED\REACT_end\Happytails-react\backend\node_modules\mongoose\lib\cast.js:390:32)
    at Query.cast (D:\FDFED\REACT_end\Happytails-react\backend\node_modules\mongoose\lib\query.js:5055:12)
    at Query._castConditions (D:\FDFED\REACT_end\Happytails-react\backend\node_modules\mongoose\lib\query.js:2351:10)
    at model.Query._findOne (D:\FDFED\REACT_end\Happytails-react\backend\node_modules\mongoose\lib\query.js:2674:8)
    at model.Query.exec (D:\FDFED\REACT_end\Happytails-react\backend\node_modules\mongoose\lib\query.js:4604:80)
    at process.processTicksAndRejections (node:internal/process/task_queues:105:5)
    at async getVendor (file:///D:/FDFED/REACT_end/Happytails-react/backend/src/controller/adminController.js:1230:24)
-----------------------------------
[2026-02-13 06:38:17] ERROR: Cast to ObjectId failed for value "top-vendors" (type string) at path "_id" for model "Vendor" 
Stack: CastError: Cast to ObjectId failed for value "top-vendors" (type string) at path "_id" for model "Vendor"
    at SchemaObjectId.cast (D:\FDFED\REACT_end\Happytails-react\backend\node_modules\mongoose\lib\schema\objectId.js:251:11)
    at SchemaType.applySetters (D:\FDFED\REACT_end\Happytails-react\backend\node_modules\mongoose\lib\schemaType.js:1255:12)
    at SchemaType.castForQuery (D:\FDFED\REACT_end\Happytails-react\backend\node_modules\mongoose\lib\schemaType.js:1673:17)
    at cast (D:\FDFED\REACT_end\Happytails-react\backend\node_modules\mongoose\lib\cast.js:390:32)
    at Query.cast (D:\FDFED\REACT_end\Happytails-react\backend\node_modules\mongoose\lib\query.js:5055:12)
    at Query._castConditions (D:\FDFED\REACT_end\Happytails-react\backend\node_modules\mongoose\lib\query.js:2351:10)
    at model.Query._findOne (D:\FDFED\REACT_end\Happytails-react\backend\node_modules\mongoose\lib\query.js:2674:8)
    at model.Query.exec (D:\FDFED\REACT_end\Happytails-react\backend\node_modules\mongoose\lib\query.js:4604:80)
    at process.processTicksAndRejections (node:internal/process/task_queues:105:5)
    at async getVendor (file:///D:/FDFED/REACT_end/Happytails-react/backend/src/controller/adminController.js:1230:24)
-----------------------------------
[2026-02-13 06:38:20] ERROR: Cast to ObjectId failed for value "top-vendors" (type string) at path "_id" for model "Vendor" 
Stack: CastError: Cast to ObjectId failed for value "top-vendors" (type string) at path "_id" for model "Vendor"
    at SchemaObjectId.cast (D:\FDFED\REACT_end\Happytails-react\backend\node_modules\mongoose\lib\schema\objectId.js:251:11)
    at SchemaType.applySetters (D:\FDFED\REACT_end\Happytails-react\backend\node_modules\mongoose\lib\schemaType.js:1255:12)
    at SchemaType.castForQuery (D:\FDFED\REACT_end\Happytails-react\backend\node_modules\mongoose\lib\schemaType.js:1673:17)
    at cast (D:\FDFED\REACT_end\Happytails-react\backend\node_modules\mongoose\lib\cast.js:390:32)
    at Query.cast (D:\FDFED\REACT_end\Happytails-react\backend\node_modules\mongoose\lib\query.js:5055:12)
    at Query._castConditions (D:\FDFED\REACT_end\Happytails-react\backend\node_modules\mongoose\lib\query.js:2351:10)
    at model.Query._findOne (D:\FDFED\REACT_end\Happytails-react\backend\node_modules\mongoose\lib\query.js:2674:8)
    at model.Query.exec (D:\FDFED\REACT_end\Happytails-react\backend\node_modules\mongoose\lib\query.js:4604:80)
    at process.processTicksAndRejections (node:internal/process/task_queues:105:5)
    at async getVendor (file:///D:/FDFED/REACT_end/Happytails-react/backend/src/controller/adminController.js:1230:24)
-----------------------------------
[2026-02-13 06:38:20] ERROR: Cast to ObjectId failed for value "top-vendors" (type string) at path "_id" for model "Vendor" 
Stack: CastError: Cast to ObjectId failed for value "top-vendors" (type string) at path "_id" for model "Vendor"
    at SchemaObjectId.cast (D:\FDFED\REACT_end\Happytails-react\backend\node_modules\mongoose\lib\schema\objectId.js:251:11)
    at SchemaType.applySetters (D:\FDFED\REACT_end\Happytails-react\backend\node_modules\mongoose\lib\schemaType.js:1255:12)
    at SchemaType.castForQuery (D:\FDFED\REACT_end\Happytails-react\backend\node_modules\mongoose\lib\schemaType.js:1673:17)
    at cast (D:\FDFED\REACT_end\Happytails-react\backend\node_modules\mongoose\lib\cast.js:390:32)
    at Query.cast (D:\FDFED\REACT_end\Happytails-react\backend\node_modules\mongoose\lib\query.js:5055:12)
    at Query._castConditions (D:\FDFED\REACT_end\Happytails-react\backend\node_modules\mongoose\lib\query.js:2351:10)
    at model.Query._findOne (D:\FDFED\REACT_end\Happytails-react\backend\node_modules\mongoose\lib\query.js:2674:8)
    at model.Query.exec (D:\FDFED\REACT_end\Happytails-react\backend\node_modules\mongoose\lib\query.js:4604:80)
    at process.processTicksAndRejections (node:internal/process/task_queues:105:5)
    at async getVendor (file:///D:/FDFED/REACT_end/Happytails-react/backend/src/controller/adminController.js:1230:24)
-----------------------------------
[2026-02-13 06:38:23] ERROR: Cast to ObjectId failed for value "top-vendors" (type string) at path "_id" for model "Vendor" 
Stack: CastError: Cast to ObjectId failed for value "top-vendors" (type string) at path "_id" for model "Vendor"
    at SchemaObjectId.cast (D:\FDFED\REACT_end\Happytails-react\backend\node_modules\mongoose\lib\schema\objectId.js:251:11)
    at SchemaType.applySetters (D:\FDFED\REACT_end\Happytails-react\backend\node_modules\mongoose\lib\schemaType.js:1255:12)
    at SchemaType.castForQuery (D:\FDFED\REACT_end\Happytails-react\backend\node_modules\mongoose\lib\schemaType.js:1673:17)
    at cast (D:\FDFED\REACT_end\Happytails-react\backend\node_modules\mongoose\lib\cast.js:390:32)
    at Query.cast (D:\FDFED\REACT_end\Happytails-react\backend\node_modules\mongoose\lib\query.js:5055:12)
    at Query._castConditions (D:\FDFED\REACT_end\Happytails-react\backend\node_modules\mongoose\lib\query.js:2351:10)
    at model.Query._findOne (D:\FDFED\REACT_end\Happytails-react\backend\node_modules\mongoose\lib\query.js:2674:8)
    at model.Query.exec (D:\FDFED\REACT_end\Happytails-react\backend\node_modules\mongoose\lib\query.js:4604:80)
    at process.processTicksAndRejections (node:internal/process/task_queues:105:5)
    at async getVendor (file:///D:/FDFED/REACT_end/Happytails-react/backend/src/controller/adminController.js:1230:24)
-----------------------------------
[2026-02-13 06:38:23] ERROR: Cast to ObjectId failed for value "top-vendors" (type string) at path "_id" for model "Vendor" 
Stack: CastError: Cast to ObjectId failed for value "top-vendors" (type string) at path "_id" for model "Vendor"
    at SchemaObjectId.cast (D:\FDFED\REACT_end\Happytails-react\backend\node_modules\mongoose\lib\schema\objectId.js:251:11)
    at SchemaType.applySetters (D:\FDFED\REACT_end\Happytails-react\backend\node_modules\mongoose\lib\schemaType.js:1255:12)
    at SchemaType.castForQuery (D:\FDFED\REACT_end\Happytails-react\backend\node_modules\mongoose\lib\schemaType.js:1673:17)
    at cast (D:\FDFED\REACT_end\Happytails-react\backend\node_modules\mongoose\lib\cast.js:390:32)
    at Query.cast (D:\FDFED\REACT_end\Happytails-react\backend\node_modules\mongoose\lib\query.js:5055:12)
    at Query._castConditions (D:\FDFED\REACT_end\Happytails-react\backend\node_modules\mongoose\lib\query.js:2351:10)
    at model.Query._findOne (D:\FDFED\REACT_end\Happytails-react\backend\node_modules\mongoose\lib\query.js:2674:8)
    at model.Query.exec (D:\FDFED\REACT_end\Happytails-react\backend\node_modules\mongoose\lib\query.js:4604:80)
    at process.processTicksAndRejections (node:internal/process/task_queues:105:5)
    at async getVendor (file:///D:/FDFED/REACT_end/Happytails-react/backend/src/controller/adminController.js:1230:24)
-----------------------------------
[2026-02-13 06:38:51] ERROR: Cast to ObjectId failed for value "top-vendors" (type string) at path "_id" for model "Vendor" 
Stack: CastError: Cast to ObjectId failed for value "top-vendors" (type string) at path "_id" for model "Vendor"
    at SchemaObjectId.cast (D:\FDFED\REACT_end\Happytails-react\backend\node_modules\mongoose\lib\schema\objectId.js:251:11)
    at SchemaType.applySetters (D:\FDFED\REACT_end\Happytails-react\backend\node_modules\mongoose\lib\schemaType.js:1255:12)
    at SchemaType.castForQuery (D:\FDFED\REACT_end\Happytails-react\backend\node_modules\mongoose\lib\schemaType.js:1673:17)
    at cast (D:\FDFED\REACT_end\Happytails-react\backend\node_modules\mongoose\lib\cast.js:390:32)
    at Query.cast (D:\FDFED\REACT_end\Happytails-react\backend\node_modules\mongoose\lib\query.js:5055:12)
    at Query._castConditions (D:\FDFED\REACT_end\Happytails-react\backend\node_modules\mongoose\lib\query.js:2351:10)
    at model.Query._findOne (D:\FDFED\REACT_end\Happytails-react\backend\node_modules\mongoose\lib\query.js:2674:8)
    at model.Query.exec (D:\FDFED\REACT_end\Happytails-react\backend\node_modules\mongoose\lib\query.js:4604:80)
    at process.processTicksAndRejections (node:internal/process/task_queues:105:5)
    at async getVendor (file:///D:/FDFED/REACT_end/Happytails-react/backend/src/controller/adminController.js:1230:24)
-----------------------------------
[2026-02-13 06:38:51] ERROR: Cast to ObjectId failed for value "top-vendors" (type string) at path "_id" for model "Vendor" 
Stack: CastError: Cast to ObjectId failed for value "top-vendors" (type string) at path "_id" for model "Vendor"
    at SchemaObjectId.cast (D:\FDFED\REACT_end\Happytails-react\backend\node_modules\mongoose\lib\schema\objectId.js:251:11)
    at SchemaType.applySetters (D:\FDFED\REACT_end\Happytails-react\backend\node_modules\mongoose\lib\schemaType.js:1255:12)
    at SchemaType.castForQuery (D:\FDFED\REACT_end\Happytails-react\backend\node_modules\mongoose\lib\schemaType.js:1673:17)
    at cast (D:\FDFED\REACT_end\Happytails-react\backend\node_modules\mongoose\lib\cast.js:390:32)
    at Query.cast (D:\FDFED\REACT_end\Happytails-react\backend\node_modules\mongoose\lib\query.js:5055:12)
    at Query._castConditions (D:\FDFED\REACT_end\Happytails-react\backend\node_modules\mongoose\lib\query.js:2351:10)
    at model.Query._findOne (D:\FDFED\REACT_end\Happytails-react\backend\node_modules\mongoose\lib\query.js:2674:8)
    at model.Query.exec (D:\FDFED\REACT_end\Happytails-react\backend\node_modules\mongoose\lib\query.js:4604:80)
    at process.processTicksAndRejections (node:internal/process/task_queues:105:5)
    at async getVendor (file:///D:/FDFED/REACT_end/Happytails-react/backend/src/controller/adminController.js:1230:24)
-----------------------------------
