[2026-02-06 09:50:50] ERROR: Unexpected field 
Stack: MulterError: Unexpected field
    at wrappedFileFilter (D:\FDFED\REACT_end\Happytails-react\backend\node_modules\multer\index.js:40:19)
    at Multipart.<anonymous> (D:\FDFED\REACT_end\Happytails-react\backend\node_modules\multer\lib\make-middleware.js:132:7)
    at Multipart.emit (node:events:518:28)
    at HeaderParser.cb (D:\FDFED\REACT_end\Happytails-react\backend\node_modules\busboy\lib\types\multipart.js:358:14)
    at HeaderParser.push (D:\FDFED\REACT_end\Happytails-react\backend\node_modules\busboy\lib\types\multipart.js:162:20)
    at SBMH.ssCb [as _cb] (D:\FDFED\REACT_end\Happytails-react\backend\node_modules\busboy\lib\types\multipart.js:394:37)
    at feed (D:\FDFED\REACT_end\Happytails-react\backend\node_modules\streamsearch\lib\sbmh.js:219:14)
    at SBMH.push (D:\FDFED\REACT_end\Happytails-react\backend\node_modules\streamsearch\lib\sbmh.js:104:16)
    at Multipart._write (D:\FDFED\REACT_end\Happytails-react\backend\node_modules\busboy\lib\types\multipart.js:567:19)
    at writeOrBuffer (node:internal/streams/writable:572:12)
-----------------------------------
[2026-02-06 10:12:51] ERROR: Unexpected field 
Stack: MulterError: Unexpected field
    at wrappedFileFilter (D:\FDFED\REACT_end\Happytails-react\backend\node_modules\multer\index.js:40:19)
    at Multipart.<anonymous> (D:\FDFED\REACT_end\Happytails-react\backend\node_modules\multer\lib\make-middleware.js:132:7)
    at Multipart.emit (node:events:518:28)
    at HeaderParser.cb (D:\FDFED\REACT_end\Happytails-react\backend\node_modules\busboy\lib\types\multipart.js:358:14)
    at HeaderParser.push (D:\FDFED\REACT_end\Happytails-react\backend\node_modules\busboy\lib\types\multipart.js:162:20)
    at SBMH.ssCb [as _cb] (D:\FDFED\REACT_end\Happytails-react\backend\node_modules\busboy\lib\types\multipart.js:394:37)
    at feed (D:\FDFED\REACT_end\Happytails-react\backend\node_modules\streamsearch\lib\sbmh.js:219:14)
    at SBMH.push (D:\FDFED\REACT_end\Happytails-react\backend\node_modules\streamsearch\lib\sbmh.js:104:16)
    at Multipart._write (D:\FDFED\REACT_end\Happytails-react\backend\node_modules\busboy\lib\types\multipart.js:567:19)
    at writeOrBuffer (node:internal/streams/writable:572:12)
-----------------------------------
[2026-02-06 13:43:13] ERROR: getaddrinfo ENOTFOUND ac-f3sleds-shard-00-02.jykgpnw.mongodb.net 
Stack: MongoServerSelectionError: getaddrinfo ENOTFOUND ac-f3sleds-shard-00-02.jykgpnw.mongodb.net
    at Topology.selectServer (D:\FDFED\REACT_end\Happytails-react\backend\node_modules\mongodb\lib\sdam\topology.js:326:38)
    at runNextTicks (node:internal/process/task_queues:65:5)
    at listOnTimeout (node:internal/timers:555:9)
    at process.processTimers (node:internal/timers:529:7)
    at async tryOperation (D:\FDFED\REACT_end\Happytails-react\backend\node_modules\mongodb\lib\operations\execute_operation.js:145:18)
    at async executeOperation (D:\FDFED\REACT_end\Happytails-react\backend\node_modules\mongodb\lib\operations\execute_operation.js:75:16)
    at async FindCursor._initialize (D:\FDFED\REACT_end\Happytails-react\backend\node_modules\mongodb\lib\cursor\find_cursor.js:61:26)
    at async FindCursor.cursorInit (D:\FDFED\REACT_end\Happytails-react\backend\node_modules\mongodb\lib\cursor\abstract_cursor.js:633:27)
    at async FindCursor.fetchBatch (D:\FDFED\REACT_end\Happytails-react\backend\node_modules\mongodb\lib\cursor\abstract_cursor.js:667:13)
    at async FindCursor.next (D:\FDFED\REACT_end\Happytails-react\backend\node_modules\mongodb\lib\cursor\abstract_cursor.js:347:17)
-----------------------------------
[2026-02-06 13:43:13] ERROR: getaddrinfo ENOTFOUND ac-f3sleds-shard-00-02.jykgpnw.mongodb.net 
Stack: MongoServerSelectionError: getaddrinfo ENOTFOUND ac-f3sleds-shard-00-02.jykgpnw.mongodb.net
    at Topology.selectServer (D:\FDFED\REACT_end\Happytails-react\backend\node_modules\mongodb\lib\sdam\topology.js:326:38)
    at async tryOperation (D:\FDFED\REACT_end\Happytails-react\backend\node_modules\mongodb\lib\operations\execute_operation.js:145:18)
    at async executeOperation (D:\FDFED\REACT_end\Happytails-react\backend\node_modules\mongodb\lib\operations\execute_operation.js:75:16)
    at async AggregationCursor._initialize (D:\FDFED\REACT_end\Happytails-react\backend\node_modules\mongodb\lib\cursor\aggregation_cursor.js:56:26)
    at async AggregationCursor.cursorInit (D:\FDFED\REACT_end\Happytails-react\backend\node_modules\mongodb\lib\cursor\abstract_cursor.js:633:27)
    at async AggregationCursor.fetchBatch (D:\FDFED\REACT_end\Happytails-react\backend\node_modules\mongodb\lib\cursor\abstract_cursor.js:667:13)
    at async AggregationCursor.next (D:\FDFED\REACT_end\Happytails-react\backend\node_modules\mongodb\lib\cursor\abstract_cursor.js:347:17)
    at async [Symbol.asyncIterator] (D:\FDFED\REACT_end\Happytails-react\backend\node_modules\mongodb\lib\cursor\abstract_cursor.js:255:34)
    at async AggregationCursor.toArray (D:\FDFED\REACT_end\Happytails-react\backend\node_modules\mongodb\lib\cursor\abstract_cursor.js:427:26)
    at async Aggregate.exec (D:\FDFED\REACT_end\Happytails-react\backend\node_modules\mongoose\lib\aggregate.js:1104:14)
-----------------------------------
[2026-02-06 13:43:43] ERROR: getaddrinfo ENOTFOUND ac-f3sleds-shard-00-02.jykgpnw.mongodb.net 
Stack: MongoServerSelectionError: getaddrinfo ENOTFOUND ac-f3sleds-shard-00-02.jykgpnw.mongodb.net
    at Topology.selectServer (D:\FDFED\REACT_end\Happytails-react\backend\node_modules\mongodb\lib\sdam\topology.js:326:38)
    at async tryOperation (D:\FDFED\REACT_end\Happytails-react\backend\node_modules\mongodb\lib\operations\execute_operation.js:145:18)
    at async executeOperation (D:\FDFED\REACT_end\Happytails-react\backend\node_modules\mongodb\lib\operations\execute_operation.js:75:16)
    at async FindCursor._initialize (D:\FDFED\REACT_end\Happytails-react\backend\node_modules\mongodb\lib\cursor\find_cursor.js:61:26)
    at async FindCursor.cursorInit (D:\FDFED\REACT_end\Happytails-react\backend\node_modules\mongodb\lib\cursor\abstract_cursor.js:633:27)
    at async FindCursor.fetchBatch (D:\FDFED\REACT_end\Happytails-react\backend\node_modules\mongodb\lib\cursor\abstract_cursor.js:667:13)
    at async FindCursor.next (D:\FDFED\REACT_end\Happytails-react\backend\node_modules\mongodb\lib\cursor\abstract_cursor.js:347:17)
    at async [Symbol.asyncIterator] (D:\FDFED\REACT_end\Happytails-react\backend\node_modules\mongodb\lib\cursor\abstract_cursor.js:255:34)
    at async FindCursor.toArray (D:\FDFED\REACT_end\Happytails-react\backend\node_modules\mongodb\lib\cursor\abstract_cursor.js:427:26)
    at async model.Query._find (D:\FDFED\REACT_end\Happytails-react\backend\node_modules\mongoose\lib\query.js:2407:14)
-----------------------------------
[2026-02-06 13:43:44] ERROR: connect ETIMEDOUT 159.41.188.103:27017 
Stack: MongoServerSelectionError: connect ETIMEDOUT 159.41.188.103:27017
    at Topology.selectServer (D:\FDFED\REACT_end\Happytails-react\backend\node_modules\mongodb\lib\sdam\topology.js:326:38)
    at runNextTicks (node:internal/process/task_queues:65:5)
    at listOnTimeout (node:internal/timers:555:9)
    at process.processTimers (node:internal/timers:529:7)
    at async tryOperation (D:\FDFED\REACT_end\Happytails-react\backend\node_modules\mongodb\lib\operations\execute_operation.js:145:18)
    at async executeOperation (D:\FDFED\REACT_end\Happytails-react\backend\node_modules\mongodb\lib\operations\execute_operation.js:75:16)
    at async FindCursor._initialize (D:\FDFED\REACT_end\Happytails-react\backend\node_modules\mongodb\lib\cursor\find_cursor.js:61:26)
    at async FindCursor.cursorInit (D:\FDFED\REACT_end\Happytails-react\backend\node_modules\mongodb\lib\cursor\abstract_cursor.js:633:27)
    at async FindCursor.fetchBatch (D:\FDFED\REACT_end\Happytails-react\backend\node_modules\mongodb\lib\cursor\abstract_cursor.js:667:13)
    at async FindCursor.next (D:\FDFED\REACT_end\Happytails-react\backend\node_modules\mongodb\lib\cursor\abstract_cursor.js:347:17)
-----------------------------------
[2026-02-06 13:43:44] ERROR: connect ETIMEDOUT 159.41.188.103:27017 
Stack: MongoServerSelectionError: connect ETIMEDOUT 159.41.188.103:27017
    at Topology.selectServer (D:\FDFED\REACT_end\Happytails-react\backend\node_modules\mongodb\lib\sdam\topology.js:326:38)
    at async tryOperation (D:\FDFED\REACT_end\Happytails-react\backend\node_modules\mongodb\lib\operations\execute_operation.js:145:18)
    at async executeOperation (D:\FDFED\REACT_end\Happytails-react\backend\node_modules\mongodb\lib\operations\execute_operation.js:75:16)
    at async AggregationCursor._initialize (D:\FDFED\REACT_end\Happytails-react\backend\node_modules\mongodb\lib\cursor\aggregation_cursor.js:56:26)
    at async AggregationCursor.cursorInit (D:\FDFED\REACT_end\Happytails-react\backend\node_modules\mongodb\lib\cursor\abstract_cursor.js:633:27)
    at async AggregationCursor.fetchBatch (D:\FDFED\REACT_end\Happytails-react\backend\node_modules\mongodb\lib\cursor\abstract_cursor.js:667:13)
    at async AggregationCursor.next (D:\FDFED\REACT_end\Happytails-react\backend\node_modules\mongodb\lib\cursor\abstract_cursor.js:347:17)
    at async [Symbol.asyncIterator] (D:\FDFED\REACT_end\Happytails-react\backend\node_modules\mongodb\lib\cursor\abstract_cursor.js:255:34)
    at async AggregationCursor.toArray (D:\FDFED\REACT_end\Happytails-react\backend\node_modules\mongodb\lib\cursor\abstract_cursor.js:427:26)
    at async Aggregate.exec (D:\FDFED\REACT_end\Happytails-react\backend\node_modules\mongoose\lib\aggregate.js:1104:14)
-----------------------------------
[2026-02-06 13:44:04] ERROR: connect ETIMEDOUT 159.41.188.103:27017 
Stack: MongoServerSelectionError: connect ETIMEDOUT 159.41.188.103:27017
    at Topology.selectServer (D:\FDFED\REACT_end\Happytails-react\backend\node_modules\mongodb\lib\sdam\topology.js:326:38)
    at runNextTicks (node:internal/process/task_queues:65:5)
    at listOnTimeout (node:internal/timers:555:9)
    at process.processTimers (node:internal/timers:529:7)
    at async tryOperation (D:\FDFED\REACT_end\Happytails-react\backend\node_modules\mongodb\lib\operations\execute_operation.js:145:18)
    at async executeOperation (D:\FDFED\REACT_end\Happytails-react\backend\node_modules\mongodb\lib\operations\execute_operation.js:75:16)
    at async FindCursor._initialize (D:\FDFED\REACT_end\Happytails-react\backend\node_modules\mongodb\lib\cursor\find_cursor.js:61:26)
    at async FindCursor.cursorInit (D:\FDFED\REACT_end\Happytails-react\backend\node_modules\mongodb\lib\cursor\abstract_cursor.js:633:27)
    at async FindCursor.fetchBatch (D:\FDFED\REACT_end\Happytails-react\backend\node_modules\mongodb\lib\cursor\abstract_cursor.js:667:13)
    at async FindCursor.next (D:\FDFED\REACT_end\Happytails-react\backend\node_modules\mongodb\lib\cursor\abstract_cursor.js:347:17)
-----------------------------------
[2026-02-06 13:44:04] ERROR: connect ETIMEDOUT 159.41.188.103:27017 
Stack: MongoServerSelectionError: connect ETIMEDOUT 159.41.188.103:27017
    at Topology.selectServer (D:\FDFED\REACT_end\Happytails-react\backend\node_modules\mongodb\lib\sdam\topology.js:326:38)
    at async tryOperation (D:\FDFED\REACT_end\Happytails-react\backend\node_modules\mongodb\lib\operations\execute_operation.js:145:18)
    at async executeOperation (D:\FDFED\REACT_end\Happytails-react\backend\node_modules\mongodb\lib\operations\execute_operation.js:75:16)
    at async AggregationCursor._initialize (D:\FDFED\REACT_end\Happytails-react\backend\node_modules\mongodb\lib\cursor\aggregation_cursor.js:56:26)
    at async AggregationCursor.cursorInit (D:\FDFED\REACT_end\Happytails-react\backend\node_modules\mongodb\lib\cursor\abstract_cursor.js:633:27)
    at async AggregationCursor.fetchBatch (D:\FDFED\REACT_end\Happytails-react\backend\node_modules\mongodb\lib\cursor\abstract_cursor.js:667:13)
    at async AggregationCursor.next (D:\FDFED\REACT_end\Happytails-react\backend\node_modules\mongodb\lib\cursor\abstract_cursor.js:347:17)
    at async [Symbol.asyncIterator] (D:\FDFED\REACT_end\Happytails-react\backend\node_modules\mongodb\lib\cursor\abstract_cursor.js:255:34)
    at async AggregationCursor.toArray (D:\FDFED\REACT_end\Happytails-react\backend\node_modules\mongodb\lib\cursor\abstract_cursor.js:427:26)
    at async Aggregate.exec (D:\FDFED\REACT_end\Happytails-react\backend\node_modules\mongoose\lib\aggregate.js:1104:14)
-----------------------------------
